2026-05-08T13:29:52: [bot] storage: mongodb
2026-05-08T13:29:52: [bot] storage: mongodb
2026-05-08T13:29:53: [bot] storage: mongodb
2026-05-08T13:29:54: [bot] storage: mongodb
2026-05-08T13:29:54: [bot] storage: mongodb
2026-05-08T13:29:55: [bot] storage: mongodb
2026-05-08T13:29:56: [bot] storage: mongodb
2026-05-08T13:29:57: [bot] storage: mongodb
2026-05-08T13:29:57: [bot] storage: mongodb
2026-05-08T13:29:58: [bot] storage: mongodb
2026-05-08T13:29:59: [bot] storage: mongodb
2026-05-08T13:30:00: [bot] storage: mongodb
2026-05-08T13:30:00: [bot] storage: mongodb
2026-05-08T13:30:01: [bot] storage: mongodb
2026-05-08T13:30:02: [bot] storage: mongodb
2026-05-08T13:30:03: [bot] storage: mongodb
2026-05-08T13:30:33: [bot] storage: mongodb
2026-05-08T13:30:33: [bot/db] connected: mongodb://192.168.0.5:27017/gen_image
2026-05-08T13:30:33: [bot] launching…
2026-05-08T13:33:03: [bot] storage: mongodb
2026-05-08T13:33:03: [bot/db] connected: mongodb://192.168.0.5:27017/gen_image
2026-05-08T13:33:03: [bot] launching…
2026-05-08T13:52:08:   [bg-removal] using replicate...
2026-05-08T13:54:07: [bot] storage: mongodb
2026-05-08T13:54:07: [bot/db] connected: mongodb://192.168.0.5:27017/gen_image
2026-05-08T13:54:07: [bot] launching…
2026-05-08T16:31:22: [bot] storage: mongodb
2026-05-08T16:31:22: [bot/db] connected: mongodb://192.168.0.5:27017/gen_image
2026-05-08T16:31:22: [bot] launching…
2026-05-08T16:31:34: [bot] storage: mongodb
2026-05-08T16:31:35: [bot/db] connected: mongodb://192.168.0.5:27017/gen_image
2026-05-08T16:31:35: [bot] launching…
2026-05-08T16:33:27: [bot] storage: mongodb
2026-05-08T16:33:27: [bot/db] connected: mongodb://192.168.0.5:27017/gen_image
2026-05-08T16:33:27: [bot] launching…
2026-05-08T19:22:44: [bot] storage: mongodb
2026-05-08T19:22:44: [bot/db] connected: mongodb://192.168.0.5:27017/gen_image
2026-05-08T19:22:44: [bot] launching…
2026-05-08T19:54:44: [bot] storage: mongodb
2026-05-08T19:54:44: [bot/db] connected: mongodb://192.168.0.5:27017/gen_image
2026-05-08T19:54:44: [bot] launching…
2026-05-08T19:55:41:   [bg-removal] using replicate...
2026-05-08T19:56:19:   [bg-removal] using replicate...
2026-05-08T19:56:31:   [bg-removal] using replicate...
2026-05-08T19:57:41:   [bg-removal] using replicate...
2026-05-08T19:58:24:   [bg-removal] using replicate...
2026-05-08T19:59:18:   [bg-removal] using replicate...
2026-05-08T20:00:06:   [bg-removal] using replicate...
2026-05-08T20:01:22:   [bg-removal] using replicate...
2026-05-08T20:02:21:   [bg-removal] using replicate...
2026-05-08T21:05:59: [bot] storage: mongodb
2026-05-08T21:05:59: [bot/db] connected: mongodb://192.168.0.5:27017/gen_image
2026-05-08T21:05:59: [bot] launching…
2026-05-08T21:12:00: [bot] storage: mongodb
2026-05-08T21:12:00: [bot/db] connected: mongodb://192.168.0.5:27017/gen_image
2026-05-08T21:12:00: [bot] launching…
2026-05-08T21:14:48: [bot] storage: mongodb
2026-05-08T21:14:48: [bot/db] connected: mongodb://192.168.0.5:27017/gen_image
2026-05-08T21:14:48: [bot] launching…
2026-05-08T21:15:21:   [bg-removal] using replicate...
2026-05-08T21:15:46:   [bg-removal] using replicate...
2026-05-08T21:16:15:   [bg-removal] using replicate...
2026-05-08T21:16:40:   [bg-removal] using replicate...
2026-05-08T21:17:09:   [bg-removal] using replicate...
2026-05-08T21:17:44:   [bg-removal] using replicate...
2026-05-08T21:18:08:   [bg-removal] using replicate...
2026-05-08T21:18:32:   [bg-removal] using replicate...
2026-05-08T21:18:57:   [bg-removal] using replicate...
2026-05-08T21:22:27: [bot] storage: mongodb
2026-05-08T21:22:27: [bot/db] connected: mongodb://192.168.0.5:27017/gen_image
2026-05-08T21:22:27: [bot] launching…
2026-05-08T21:23:58: [bot] storage: mongodb
2026-05-08T21:23:58: [bot/db] connected: mongodb://192.168.0.5:27017/gen_image
2026-05-08T21:23:58: [bot] launching…
2026-05-08T21:34:29: [bot] storage: mongodb
2026-05-08T21:34:29: [cdn-webp] http://0.0.0.0:5000/file/… → /apps/create_ai_image_for_game_plugin/data/cdn-webp
2026-05-08T21:34:29: [bot/db] connected: mongodb://192.168.0.5:27017/gen_image
2026-05-08T21:34:29: [bot] launching…
2026-05-08T21:36:40: [bot] storage: mongodb
2026-05-08T21:36:40: [cdn-webp] http://0.0.0.0:5000/<userId>_<id>.webp → /apps/create_ai_image_for_game_plugin/data/cdn-webp
2026-05-08T21:36:40: [bot/db] connected: mongodb://192.168.0.5:27017/gen_image
2026-05-08T21:36:40: [bot] launching…
2026-05-08T21:38:28:   [bg-removal] using replicate...
2026-05-08T21:40:35:   [bg-removal] using replicate...
2026-05-08T21:41:32:   [bg-removal] using replicate...
2026-05-08T21:42:41:   [bg-removal] using replicate...
2026-05-08T21:43:36:   [bg-removal] using replicate...
2026-05-08T21:44:29:   [bg-removal] using replicate...
2026-05-08T22:01:18:   [bg-removal] using replicate...
2026-05-08T22:02:44:   [bg-removal] using replicate...
